<?xml version="1.0" encoding="utf-8"?><testsuites name="pytest tests"><testsuite name="pytest" errors="0" failures="0" skipped="0" tests="33" time="5.762" timestamp="2026-05-16T10:23:33.368896+00:00" hostname="agent-env-b919fdd0-7dce-4777-b7d4-b062bcf11572"><testcase classname="backend.tests.test_analytics.TestTrackIngest" name="test_track_accepts_batch_no_auth" time="0.643" /><testcase classname="backend.tests.test_analytics.TestTrackIngest" name="test_track_filters_invalid_events" time="0.107" /><testcase classname="backend.tests.test_analytics.TestTrackIngest" name="test_track_empty_batch" time="0.104" /><testcase classname="backend.tests.test_analytics.TestAuthGate" name="test_get_endpoints_require_auth[/api/admin/analytics/overview]" time="0.098" /><testcase classname="backend.tests.test_analytics.TestAuthGate" name="test_get_endpoints_require_auth[/api/admin/analytics/timeseries?metric=page_views]" time="0.117" /><testcase classname="backend.tests.test_analytics.TestAuthGate" name="test_get_endpoints_require_auth[/api/admin/analytics/breakdown/country]" time="0.098" /><testcase classname="backend.tests.test_analytics.TestAuthGate" name="test_get_endpoints_require_auth[/api/admin/analytics/rankings]" time="0.110" /><testcase classname="backend.tests.test_analytics.TestAuthGate" name="test_get_endpoints_require_auth[/api/admin/analytics/funnel]" time="0.097" /><testcase classname="backend.tests.test_analytics.TestAuthGate" name="test_get_endpoints_require_auth[/api/admin/analytics/recent]" time="0.101" /><testcase classname="backend.tests.test_analytics.TestAuthGate" name="test_seed_demo_requires_auth_post" time="0.125" /><testcase classname="backend.tests.test_analytics.TestAuthGate" name="test_seed_demo_requires_auth_delete" time="0.103" /><testcase classname="backend.tests.test_analytics.TestOverview" name="test_overview_shape" time="0.223" /><testcase classname="backend.tests.test_analytics.TestOverview" name="test_overview_tenant_filter" time="0.213" /><testcase classname="backend.tests.test_analytics.TestTimeseries" name="test_timeseries_default" time="0.097" /><testcase classname="backend.tests.test_analytics.TestTimeseries" name="test_timeseries_all_metrics[page_views]" time="0.113" /><testcase classname="backend.tests.test_analytics.TestTimeseries" name="test_timeseries_all_metrics[visitors]" time="0.106" /><testcase classname="backend.tests.test_analytics.TestTimeseries" name="test_timeseries_all_metrics[cta_clicks]" time="0.104" /><testcase classname="backend.tests.test_analytics.TestTimeseries" name="test_timeseries_all_metrics[leads]" time="0.169" /><testcase classname="backend.tests.test_analytics.TestBreakdown" name="test_breakdown_dimensions[country]" time="0.162" /><testcase classname="backend.tests.test_analytics.TestBreakdown" name="test_breakdown_dimensions[city]" time="0.168" /><testcase classname="backend.tests.test_analytics.TestBreakdown" name="test_breakdown_dimensions[device_type]" time="0.162" /><testcase classname="backend.tests.test_analytics.TestBreakdown" name="test_breakdown_dimensions[browser]" time="0.169" /><testcase classname="backend.tests.test_analytics.TestBreakdown" name="test_breakdown_dimensions[os]" time="0.165" /><testcase classname="backend.tests.test_analytics.TestBreakdown" name="test_breakdown_dimensions[referrer]" time="0.164" /><testcase classname="backend.tests.test_analytics.TestBreakdown" name="test_breakdown_dimensions[utm_source]" time="0.135" /><testcase classname="backend.tests.test_analytics.TestBreakdown" name="test_breakdown_dimensions[path]" time="0.112" /><testcase classname="backend.tests.test_analytics.TestBreakdown" name="test_breakdown_dimensions[button]" time="0.108" /><testcase classname="backend.tests.test_analytics.TestBreakdown" name="test_breakdown_unknown_dimension" time="0.097" /><testcase classname="backend.tests.test_analytics.TestRankings" name="test_rankings_shape" time="0.104" /><testcase classname="backend.tests.test_analytics.TestFunnel" name="test_funnel_steps" time="0.104" /><testcase classname="backend.tests.test_analytics.TestRecent" name="test_recent_returns_events" time="0.111" /><testcase classname="backend.tests.test_analytics.TestSeedDemo" name="test_seed_demo_is_idempotent" time="0.447" /><testcase classname="backend.tests.test_analytics.TestSeedDemo" name="test_clear_demo" time="0.725" /></testsuite></testsuites>