<?xml version="1.0" encoding="utf-8"?><testsuites name="pytest tests"><testsuite name="pytest" errors="0" failures="1" skipped="0" tests="26" time="5.123" timestamp="2026-05-16T09:54:09.855513+00:00" hostname="agent-env-b919fdd0-7dce-4777-b7d4-b062bcf11572"><testcase classname="tests.test_swift_formations.TestAuth" name="test_login_success" time="0.429" /><testcase classname="tests.test_swift_formations.TestAuth" name="test_login_wrong_password" time="0.271" /><testcase classname="tests.test_swift_formations.TestAuth" name="test_me_with_token" time="0.320" /><testcase classname="tests.test_swift_formations.TestAuth" name="test_me_without_token" time="0.136" /><testcase classname="tests.test_swift_formations.TestCountries" name="test_list_requires_auth" time="0.129" /><testcase classname="tests.test_swift_formations.TestCountries" name="test_list_returns_5_seeded" time="0.045" /><testcase classname="tests.test_swift_formations.TestCountries" name="test_get_country_returns_country_and_content" time="0.089" /><testcase classname="tests.test_swift_formations.TestCountries" name="test_patch_country_updates_name_and_updated_at" time="0.090" /><testcase classname="tests.test_swift_formations.TestCountries" name="test_patch_content" time="0.183" /><testcase classname="tests.test_swift_formations.TestCountryLifecycle" name="test_create_sets_abbreviation_and_default_content" time="0.206" /><testcase classname="tests.test_swift_formations.TestCountryLifecycle" name="test_create_duplicate_slug_409" time="0.134" /><testcase classname="tests.test_swift_formations.TestCountryLifecycle" name="test_publish_unpublish_toggle" time="0.256" /><testcase classname="tests.test_swift_formations.TestCountryLifecycle" name="test_reset_content" time="0.354" /><testcase classname="tests.test_swift_formations.TestCountryLifecycle" name="test_delete_removes_country_and_content" time="0.497" /><testcase classname="tests.test_swift_formations.TestPublicLanding" name="test_by_tenant[uk]" time="0.099" /><testcase classname="tests.test_swift_formations.TestPublicLanding" name="test_by_tenant[ua]" time="0.105" /><testcase classname="tests.test_swift_formations.TestPublicLanding" name="test_by_tenant[de]" time="0.134" /><testcase classname="tests.test_swift_formations.TestPublicLanding" name="test_by_tenant[fr]" time="0.145" /><testcase classname="tests.test_swift_formations.TestPublicLanding" name="test_by_tenant[us]" time="0.099" /><testcase classname="tests.test_swift_formations.TestPublicLanding" name="test_by_host[ukcompanyformation.com-uk]" time="0.096" /><testcase classname="tests.test_swift_formations.TestPublicLanding" name="test_by_host[ukraineformations.com-ua]" time="0.098" /><testcase classname="tests.test_swift_formations.TestPublicLanding" name="test_by_host[germanyformations.com-de]" time="0.101" /><testcase classname="tests.test_swift_formations.TestPublicLanding" name="test_fallback_to_first_published" time="0.102" /><testcase classname="tests.test_swift_formations.TestB2BHub" name="test_admin_b2bhub_returns_mock" time="0.109" /><testcase classname="tests.test_swift_formations.TestB2BHub" name="test_admin_b2bhub_requires_auth" time="0.094" /><testcase classname="tests.test_swift_formations.TestBruteForce" name="test_lockout_after_5_failures" time="0.598"><failure message="AssertionError: Expected lockout 429, got 401 {&quot;detail&quot;:&quot;Invalid email or password&quot;}&#10;assert 401 == 429&#10; +  where 401 = &lt;Response [401]&gt;.status_code">tests/test_swift_formations.py:280: in test_lockout_after_5_failures
    assert r.status_code == 429, f"Expected lockout 429, got {r.status_code} {r.text}"
E   AssertionError: Expected lockout 429, got 401 {"detail":"Invalid email or password"}
E   assert 401 == 429
E    +  where 401 = &lt;Response [401]&gt;.status_code</failure></testcase></testsuite></testsuites>